18-Nov-2022 15:34:26.208 정보 [main] org.apache.catalina.startup.VersionLoggerListener.log 서버 버전 이름:    Apache Tomcat/8.5.83
18-Nov-2022 15:34:26.219 정보 [main] org.apache.catalina.startup.VersionLoggerListener.log Server 빌드 시각:  Oct 3 2022 21:11:09 UTC
18-Nov-2022 15:34:26.219 정보 [main] org.apache.catalina.startup.VersionLoggerListener.log Server 버전 번호:  8.5.83.0
18-Nov-2022 15:34:26.219 정보 [main] org.apache.catalina.startup.VersionLoggerListener.log 운영체제 이름:     Windows 10
18-Nov-2022 15:34:26.219 정보 [main] org.apache.catalina.startup.VersionLoggerListener.log 운영체제 버전:     10.0
18-Nov-2022 15:34:26.219 정보 [main] org.apache.catalina.startup.VersionLoggerListener.log 아키텍처:          amd64
18-Nov-2022 15:34:26.219 정보 [main] org.apache.catalina.startup.VersionLoggerListener.log 자바 홈:           C:\Program Files\Java\jdk1.8.0_341\jre
18-Nov-2022 15:34:26.219 정보 [main] org.apache.catalina.startup.VersionLoggerListener.log JVM 버전:          1.8.0_341-b10
18-Nov-2022 15:34:26.219 정보 [main] org.apache.catalina.startup.VersionLoggerListener.log JVM 벤더:          Oracle Corporation
18-Nov-2022 15:34:26.219 정보 [main] org.apache.catalina.startup.VersionLoggerListener.log CATALINA_BASE:     D:\리엑트 프론트엔드_문일윤\apache-tomcat-8.5.83
18-Nov-2022 15:34:26.219 정보 [main] org.apache.catalina.startup.VersionLoggerListener.log CATALINA_HOME:     D:\리엑트 프론트엔드_문일윤\apache-tomcat-8.5.83
18-Nov-2022 15:34:26.219 정보 [main] org.apache.catalina.startup.VersionLoggerListener.log 명령 행 아규먼트:  -Djava.util.logging.config.file=D:\리엑트 프론트엔드_문일윤\apache-tomcat-8.5.83\conf\logging.properties
18-Nov-2022 15:34:26.219 정보 [main] org.apache.catalina.startup.VersionLoggerListener.log 명령 행 아규먼트:  -Djava.util.logging.manager=org.apache.juli.ClassLoaderLogManager
18-Nov-2022 15:34:26.219 정보 [main] org.apache.catalina.startup.VersionLoggerListener.log 명령 행 아규먼트:  -Djdk.tls.ephemeralDHKeySize=2048
18-Nov-2022 15:34:26.219 정보 [main] org.apache.catalina.startup.VersionLoggerListener.log 명령 행 아규먼트:  -Djava.protocol.handler.pkgs=org.apache.catalina.webresources
18-Nov-2022 15:34:26.219 정보 [main] org.apache.catalina.startup.VersionLoggerListener.log 명령 행 아규먼트:  -Dignore.endorsed.dirs=
18-Nov-2022 15:34:26.229 정보 [main] org.apache.catalina.startup.VersionLoggerListener.log 명령 행 아규먼트:  -Dcatalina.base=D:\리엑트 프론트엔드_문일윤\apache-tomcat-8.5.83
18-Nov-2022 15:34:26.229 정보 [main] org.apache.catalina.startup.VersionLoggerListener.log 명령 행 아규먼트:  -Dcatalina.home=D:\리엑트 프론트엔드_문일윤\apache-tomcat-8.5.83
18-Nov-2022 15:34:26.229 정보 [main] org.apache.catalina.startup.VersionLoggerListener.log 명령 행 아규먼트:  -Djava.io.tmpdir=D:\리엑트 프론트엔드_문일윤\apache-tomcat-8.5.83\temp
18-Nov-2022 15:34:26.229 정보 [main] org.apache.catalina.core.AprLifecycleListener.lifecycleEvent APR 버전 [1.7.0]을(를) 사용한, APR 기반 Apache Tomcat Native 라이브러리 [1.2.35]을(를) 로드했습니다.
18-Nov-2022 15:34:26.229 정보 [main] org.apache.catalina.core.AprLifecycleListener.lifecycleEvent APR 용량정보들: IPv6 [true], sendfile [true], accept filters [false], random [true], UDS [{4}].
18-Nov-2022 15:34:26.229 정보 [main] org.apache.catalina.core.AprLifecycleListener.lifecycleEvent APR/OpenSSL 설정: useAprConnector [false], useOpenSSL [true]
18-Nov-2022 15:34:26.229 정보 [main] org.apache.catalina.core.AprLifecycleListener.initializeSSL OpenSSL이 성공적으로 초기화되었습니다: [OpenSSL 1.1.1q  5 Jul 2022]
18-Nov-2022 15:34:26.389 정보 [main] org.apache.coyote.AbstractProtocol.init 프로토콜 핸들러 ["http-nio-8080"]을(를) 초기화합니다.
18-Nov-2022 15:34:26.419 정보 [main] org.apache.catalina.startup.Catalina.load Initialization processed in 504 ms
18-Nov-2022 15:34:26.489 정보 [main] org.apache.catalina.core.StandardService.startInternal 서비스 [Catalina]을(를) 시작합니다.
18-Nov-2022 15:34:26.489 정보 [main] org.apache.catalina.core.StandardEngine.startInternal 서버 엔진을 시작합니다: [Apache Tomcat/8.5.83]
18-Nov-2022 15:34:26.489 정보 [localhost-startStop-1] org.apache.catalina.startup.HostConfig.deployDirectory 웹 애플리케이션 디렉토리 [D:\리엑트 프론트엔드_문일윤\apache-tomcat-8.5.83\webapps\docs]을(를) 배치합니다.
18-Nov-2022 15:34:26.679 정보 [localhost-startStop-1] org.apache.catalina.startup.HostConfig.deployDirectory 웹 애플리케이션 디렉토리 [D:\리엑트 프론트엔드_문일윤\apache-tomcat-8.5.83\webapps\docs]에 대한 배치가 [190] 밀리초에 완료되었습니다.
18-Nov-2022 15:34:26.679 정보 [localhost-startStop-1] org.apache.catalina.startup.HostConfig.deployDirectory 웹 애플리케이션 디렉토리 [D:\리엑트 프론트엔드_문일윤\apache-tomcat-8.5.83\webapps\examples]을(를) 배치합니다.
18-Nov-2022 15:34:26.838 정보 [localhost-startStop-1] org.apache.catalina.startup.HostConfig.deployDirectory 웹 애플리케이션 디렉토리 [D:\리엑트 프론트엔드_문일윤\apache-tomcat-8.5.83\webapps\examples]에 대한 배치가 [159] 밀리초에 완료되었습니다.
18-Nov-2022 15:34:26.838 정보 [localhost-startStop-1] org.apache.catalina.startup.HostConfig.deployDirectory 웹 애플리케이션 디렉토리 [D:\리엑트 프론트엔드_문일윤\apache-tomcat-8.5.83\webapps\host-manager]을(를) 배치합니다.
18-Nov-2022 15:34:26.859 정보 [localhost-startStop-1] org.apache.catalina.startup.HostConfig.deployDirectory 웹 애플리케이션 디렉토리 [D:\리엑트 프론트엔드_문일윤\apache-tomcat-8.5.83\webapps\host-manager]에 대한 배치가 [21] 밀리초에 완료되었습니다.
18-Nov-2022 15:34:26.859 정보 [localhost-startStop-1] org.apache.catalina.startup.HostConfig.deployDirectory 웹 애플리케이션 디렉토리 [D:\리엑트 프론트엔드_문일윤\apache-tomcat-8.5.83\webapps\manager]을(를) 배치합니다.
18-Nov-2022 15:34:26.869 정보 [localhost-startStop-1] org.apache.catalina.startup.HostConfig.deployDirectory 웹 애플리케이션 디렉토리 [D:\리엑트 프론트엔드_문일윤\apache-tomcat-8.5.83\webapps\manager]에 대한 배치가 [10] 밀리초에 완료되었습니다.
18-Nov-2022 15:34:26.869 정보 [localhost-startStop-1] org.apache.catalina.startup.HostConfig.deployDirectory 웹 애플리케이션 디렉토리 [D:\리엑트 프론트엔드_문일윤\apache-tomcat-8.5.83\webapps\ROOT]을(를) 배치합니다.
18-Nov-2022 15:34:26.889 정보 [localhost-startStop-1] org.apache.catalina.startup.HostConfig.deployDirectory 웹 애플리케이션 디렉토리 [D:\리엑트 프론트엔드_문일윤\apache-tomcat-8.5.83\webapps\ROOT]에 대한 배치가 [20] 밀리초에 완료되었습니다.
18-Nov-2022 15:34:26.889 정보 [main] org.apache.coyote.AbstractProtocol.start 프로토콜 핸들러 ["http-nio-8080"]을(를) 시작합니다.
18-Nov-2022 15:34:26.898 정보 [main] org.apache.catalina.startup.Catalina.start Server startup in 486 ms
18-Nov-2022 15:35:16.698 정보 [main] org.apache.catalina.startup.VersionLoggerListener.log 서버 버전 이름:    Apache Tomcat/8.5.83
18-Nov-2022 15:35:16.698 정보 [main] org.apache.catalina.startup.VersionLoggerListener.log Server 빌드 시각:  Oct 3 2022 21:11:09 UTC
18-Nov-2022 15:35:16.698 정보 [main] org.apache.catalina.startup.VersionLoggerListener.log Server 버전 번호:  8.5.83.0
18-Nov-2022 15:35:16.698 정보 [main] org.apache.catalina.startup.VersionLoggerListener.log 운영체제 이름:     Windows 10
18-Nov-2022 15:35:16.698 정보 [main] org.apache.catalina.startup.VersionLoggerListener.log 운영체제 버전:     10.0
18-Nov-2022 15:35:16.698 정보 [main] org.apache.catalina.startup.VersionLoggerListener.log 아키텍처:          amd64
18-Nov-2022 15:35:16.698 정보 [main] org.apache.catalina.startup.VersionLoggerListener.log 자바 홈:           C:\Program Files\Java\jdk1.8.0_341\jre
18-Nov-2022 15:35:16.698 정보 [main] org.apache.catalina.startup.VersionLoggerListener.log JVM 버전:          1.8.0_341-b10
18-Nov-2022 15:35:16.698 정보 [main] org.apache.catalina.startup.VersionLoggerListener.log JVM 벤더:          Oracle Corporation
18-Nov-2022 15:35:16.698 정보 [main] org.apache.catalina.startup.VersionLoggerListener.log CATALINA_BASE:     D:\리엑트 프론트엔드_문일윤\apache-tomcat-8.5.83
18-Nov-2022 15:35:16.698 정보 [main] org.apache.catalina.startup.VersionLoggerListener.log CATALINA_HOME:     D:\리엑트 프론트엔드_문일윤\apache-tomcat-8.5.83
18-Nov-2022 15:35:16.698 정보 [main] org.apache.catalina.startup.VersionLoggerListener.log 명령 행 아규먼트:  -Djava.util.logging.config.file=D:\리엑트 프론트엔드_문일윤\apache-tomcat-8.5.83\conf\logging.properties
18-Nov-2022 15:35:16.698 정보 [main] org.apache.catalina.startup.VersionLoggerListener.log 명령 행 아규먼트:  -Djava.util.logging.manager=org.apache.juli.ClassLoaderLogManager
18-Nov-2022 15:35:16.698 정보 [main] org.apache.catalina.startup.VersionLoggerListener.log 명령 행 아규먼트:  -Djdk.tls.ephemeralDHKeySize=2048
18-Nov-2022 15:35:16.698 정보 [main] org.apache.catalina.startup.VersionLoggerListener.log 명령 행 아규먼트:  -Djava.protocol.handler.pkgs=org.apache.catalina.webresources
18-Nov-2022 15:35:16.698 정보 [main] org.apache.catalina.startup.VersionLoggerListener.log 명령 행 아규먼트:  -Dignore.endorsed.dirs=
18-Nov-2022 15:35:16.698 정보 [main] org.apache.catalina.startup.VersionLoggerListener.log 명령 행 아규먼트:  -Dcatalina.base=D:\리엑트 프론트엔드_문일윤\apache-tomcat-8.5.83
18-Nov-2022 15:35:16.698 정보 [main] org.apache.catalina.startup.VersionLoggerListener.log 명령 행 아규먼트:  -Dcatalina.home=D:\리엑트 프론트엔드_문일윤\apache-tomcat-8.5.83
18-Nov-2022 15:35:16.698 정보 [main] org.apache.catalina.startup.VersionLoggerListener.log 명령 행 아규먼트:  -Djava.io.tmpdir=D:\리엑트 프론트엔드_문일윤\apache-tomcat-8.5.83\temp
18-Nov-2022 15:35:16.698 정보 [main] org.apache.catalina.core.AprLifecycleListener.lifecycleEvent APR 버전 [1.7.0]을(를) 사용한, APR 기반 Apache Tomcat Native 라이브러리 [1.2.35]을(를) 로드했습니다.
18-Nov-2022 15:35:16.698 정보 [main] org.apache.catalina.core.AprLifecycleListener.lifecycleEvent APR 용량정보들: IPv6 [true], sendfile [true], accept filters [false], random [true], UDS [{4}].
18-Nov-2022 15:35:16.698 정보 [main] org.apache.catalina.core.AprLifecycleListener.lifecycleEvent APR/OpenSSL 설정: useAprConnector [false], useOpenSSL [true]
18-Nov-2022 15:35:16.714 정보 [main] org.apache.catalina.core.AprLifecycleListener.initializeSSL OpenSSL이 성공적으로 초기화되었습니다: [OpenSSL 1.1.1q  5 Jul 2022]
18-Nov-2022 15:35:16.807 정보 [main] org.apache.coyote.AbstractProtocol.init 프로토콜 핸들러 ["http-nio-8080"]을(를) 초기화합니다.
18-Nov-2022 15:35:16.823 정보 [main] org.apache.catalina.startup.Catalina.load Initialization processed in 365 ms
18-Nov-2022 15:35:16.870 정보 [main] org.apache.catalina.core.StandardService.startInternal 서비스 [Catalina]을(를) 시작합니다.
18-Nov-2022 15:35:16.870 정보 [main] org.apache.catalina.core.StandardEngine.startInternal 서버 엔진을 시작합니다: [Apache Tomcat/8.5.83]
18-Nov-2022 15:35:16.870 정보 [localhost-startStop-1] org.apache.catalina.startup.HostConfig.deployDirectory 웹 애플리케이션 디렉토리 [D:\리엑트 프론트엔드_문일윤\apache-tomcat-8.5.83\webapps\docs]을(를) 배치합니다.
18-Nov-2022 15:35:17.057 정보 [localhost-startStop-1] org.apache.catalina.startup.HostConfig.deployDirectory 웹 애플리케이션 디렉토리 [D:\리엑트 프론트엔드_문일윤\apache-tomcat-8.5.83\webapps\docs]에 대한 배치가 [187] 밀리초에 완료되었습니다.
18-Nov-2022 15:35:17.057 정보 [localhost-startStop-1] org.apache.catalina.startup.HostConfig.deployDirectory 웹 애플리케이션 디렉토리 [D:\리엑트 프론트엔드_문일윤\apache-tomcat-8.5.83\webapps\examples]을(를) 배치합니다.
18-Nov-2022 15:35:17.221 정보 [localhost-startStop-1] org.apache.catalina.startup.HostConfig.deployDirectory 웹 애플리케이션 디렉토리 [D:\리엑트 프론트엔드_문일윤\apache-tomcat-8.5.83\webapps\examples]에 대한 배치가 [164] 밀리초에 완료되었습니다.
18-Nov-2022 15:35:17.221 정보 [localhost-startStop-1] org.apache.catalina.startup.HostConfig.deployDirectory 웹 애플리케이션 디렉토리 [D:\리엑트 프론트엔드_문일윤\apache-tomcat-8.5.83\webapps\host-manager]을(를) 배치합니다.
18-Nov-2022 15:35:17.237 정보 [localhost-startStop-1] org.apache.catalina.startup.HostConfig.deployDirectory 웹 애플리케이션 디렉토리 [D:\리엑트 프론트엔드_문일윤\apache-tomcat-8.5.83\webapps\host-manager]에 대한 배치가 [16] 밀리초에 완료되었습니다.
18-Nov-2022 15:35:17.237 정보 [localhost-startStop-1] org.apache.catalina.startup.HostConfig.deployDirectory 웹 애플리케이션 디렉토리 [D:\리엑트 프론트엔드_문일윤\apache-tomcat-8.5.83\webapps\manager]을(를) 배치합니다.
18-Nov-2022 15:35:17.252 정보 [localhost-startStop-1] org.apache.catalina.startup.HostConfig.deployDirectory 웹 애플리케이션 디렉토리 [D:\리엑트 프론트엔드_문일윤\apache-tomcat-8.5.83\webapps\manager]에 대한 배치가 [15] 밀리초에 완료되었습니다.
18-Nov-2022 15:35:17.252 정보 [localhost-startStop-1] org.apache.catalina.startup.HostConfig.deployDirectory 웹 애플리케이션 디렉토리 [D:\리엑트 프론트엔드_문일윤\apache-tomcat-8.5.83\webapps\ROOT]을(를) 배치합니다.
18-Nov-2022 15:35:17.268 정보 [localhost-startStop-1] org.apache.catalina.startup.HostConfig.deployDirectory 웹 애플리케이션 디렉토리 [D:\리엑트 프론트엔드_문일윤\apache-tomcat-8.5.83\webapps\ROOT]에 대한 배치가 [16] 밀리초에 완료되었습니다.
18-Nov-2022 15:35:17.268 정보 [main] org.apache.coyote.AbstractProtocol.start 프로토콜 핸들러 ["http-nio-8080"]을(를) 시작합니다.
18-Nov-2022 15:35:17.268 정보 [main] org.apache.catalina.startup.Catalina.start Server startup in 452 ms
18-Nov-2022 15:39:56.125 정보 [main] org.apache.catalina.startup.VersionLoggerListener.log 서버 버전 이름:    Apache Tomcat/8.5.83
18-Nov-2022 15:39:56.125 정보 [main] org.apache.catalina.startup.VersionLoggerListener.log Server 빌드 시각:  Oct 3 2022 21:11:09 UTC
18-Nov-2022 15:39:56.125 정보 [main] org.apache.catalina.startup.VersionLoggerListener.log Server 버전 번호:  8.5.83.0
18-Nov-2022 15:39:56.125 정보 [main] org.apache.catalina.startup.VersionLoggerListener.log 운영체제 이름:     Windows 10
18-Nov-2022 15:39:56.125 정보 [main] org.apache.catalina.startup.VersionLoggerListener.log 운영체제 버전:     10.0
18-Nov-2022 15:39:56.125 정보 [main] org.apache.catalina.startup.VersionLoggerListener.log 아키텍처:          amd64
18-Nov-2022 15:39:56.125 정보 [main] org.apache.catalina.startup.VersionLoggerListener.log 자바 홈:           C:\Program Files\Java\jdk1.8.0_341\jre
18-Nov-2022 15:39:56.125 정보 [main] org.apache.catalina.startup.VersionLoggerListener.log JVM 버전:          1.8.0_341-b10
18-Nov-2022 15:39:56.125 정보 [main] org.apache.catalina.startup.VersionLoggerListener.log JVM 벤더:          Oracle Corporation
18-Nov-2022 15:39:56.125 정보 [main] org.apache.catalina.startup.VersionLoggerListener.log CATALINA_BASE:     D:\리엑트 프론트엔드_문일윤\apache-tomcat-8.5.83
18-Nov-2022 15:39:56.125 정보 [main] org.apache.catalina.startup.VersionLoggerListener.log CATALINA_HOME:     D:\리엑트 프론트엔드_문일윤\apache-tomcat-8.5.83
18-Nov-2022 15:39:56.125 정보 [main] org.apache.catalina.startup.VersionLoggerListener.log 명령 행 아규먼트:  -Djava.util.logging.config.file=D:\리엑트 프론트엔드_문일윤\apache-tomcat-8.5.83\conf\logging.properties
18-Nov-2022 15:39:56.125 정보 [main] org.apache.catalina.startup.VersionLoggerListener.log 명령 행 아규먼트:  -Djava.util.logging.manager=org.apache.juli.ClassLoaderLogManager
18-Nov-2022 15:39:56.125 정보 [main] org.apache.catalina.startup.VersionLoggerListener.log 명령 행 아규먼트:  -Djdk.tls.ephemeralDHKeySize=2048
18-Nov-2022 15:39:56.125 정보 [main] org.apache.catalina.startup.VersionLoggerListener.log 명령 행 아규먼트:  -Djava.protocol.handler.pkgs=org.apache.catalina.webresources
18-Nov-2022 15:39:56.125 정보 [main] org.apache.catalina.startup.VersionLoggerListener.log 명령 행 아규먼트:  -Dignore.endorsed.dirs=
18-Nov-2022 15:39:56.125 정보 [main] org.apache.catalina.startup.VersionLoggerListener.log 명령 행 아규먼트:  -Dcatalina.base=D:\리엑트 프론트엔드_문일윤\apache-tomcat-8.5.83
18-Nov-2022 15:39:56.125 정보 [main] org.apache.catalina.startup.VersionLoggerListener.log 명령 행 아규먼트:  -Dcatalina.home=D:\리엑트 프론트엔드_문일윤\apache-tomcat-8.5.83
18-Nov-2022 15:39:56.125 정보 [main] org.apache.catalina.startup.VersionLoggerListener.log 명령 행 아규먼트:  -Djava.io.tmpdir=D:\리엑트 프론트엔드_문일윤\apache-tomcat-8.5.83\temp
18-Nov-2022 15:39:56.125 정보 [main] org.apache.catalina.core.AprLifecycleListener.lifecycleEvent APR 버전 [1.7.0]을(를) 사용한, APR 기반 Apache Tomcat Native 라이브러리 [1.2.35]을(를) 로드했습니다.
18-Nov-2022 15:39:56.125 정보 [main] org.apache.catalina.core.AprLifecycleListener.lifecycleEvent APR 용량정보들: IPv6 [true], sendfile [true], accept filters [false], random [true], UDS [{4}].
18-Nov-2022 15:39:56.125 정보 [main] org.apache.catalina.core.AprLifecycleListener.lifecycleEvent APR/OpenSSL 설정: useAprConnector [false], useOpenSSL [true]
18-Nov-2022 15:39:56.141 정보 [main] org.apache.catalina.core.AprLifecycleListener.initializeSSL OpenSSL이 성공적으로 초기화되었습니다: [OpenSSL 1.1.1q  5 Jul 2022]
18-Nov-2022 15:39:56.235 정보 [main] org.apache.coyote.AbstractProtocol.init 프로토콜 핸들러 ["http-nio-8080"]을(를) 초기화합니다.
18-Nov-2022 15:39:56.250 정보 [main] org.apache.catalina.startup.Catalina.load Initialization processed in 370 ms
18-Nov-2022 15:39:56.313 정보 [main] org.apache.catalina.core.StandardService.startInternal 서비스 [Catalina]을(를) 시작합니다.
18-Nov-2022 15:39:56.313 정보 [main] org.apache.catalina.core.StandardEngine.startInternal 서버 엔진을 시작합니다: [Apache Tomcat/8.5.83]
18-Nov-2022 15:39:56.313 정보 [localhost-startStop-1] org.apache.catalina.startup.HostConfig.deployDirectory 웹 애플리케이션 디렉토리 [D:\리엑트 프론트엔드_문일윤\apache-tomcat-8.5.83\webapps\docs]을(를) 배치합니다.
18-Nov-2022 15:39:56.485 정보 [localhost-startStop-1] org.apache.catalina.startup.HostConfig.deployDirectory 웹 애플리케이션 디렉토리 [D:\리엑트 프론트엔드_문일윤\apache-tomcat-8.5.83\webapps\docs]에 대한 배치가 [172] 밀리초에 완료되었습니다.
18-Nov-2022 15:39:56.500 정보 [localhost-startStop-1] org.apache.catalina.startup.HostConfig.deployDirectory 웹 애플리케이션 디렉토리 [D:\리엑트 프론트엔드_문일윤\apache-tomcat-8.5.83\webapps\examples]을(를) 배치합니다.
18-Nov-2022 15:39:56.659 정보 [localhost-startStop-1] org.apache.catalina.startup.HostConfig.deployDirectory 웹 애플리케이션 디렉토리 [D:\리엑트 프론트엔드_문일윤\apache-tomcat-8.5.83\webapps\examples]에 대한 배치가 [159] 밀리초에 완료되었습니다.
18-Nov-2022 15:39:56.659 정보 [localhost-startStop-1] org.apache.catalina.startup.HostConfig.deployDirectory 웹 애플리케이션 디렉토리 [D:\리엑트 프론트엔드_문일윤\apache-tomcat-8.5.83\webapps\host-manager]을(를) 배치합니다.
18-Nov-2022 15:39:56.690 정보 [localhost-startStop-1] org.apache.catalina.startup.HostConfig.deployDirectory 웹 애플리케이션 디렉토리 [D:\리엑트 프론트엔드_문일윤\apache-tomcat-8.5.83\webapps\host-manager]에 대한 배치가 [31] 밀리초에 완료되었습니다.
18-Nov-2022 15:39:56.690 정보 [localhost-startStop-1] org.apache.catalina.startup.HostConfig.deployDirectory 웹 애플리케이션 디렉토리 [D:\리엑트 프론트엔드_문일윤\apache-tomcat-8.5.83\webapps\manager]을(를) 배치합니다.
18-Nov-2022 15:39:56.706 정보 [localhost-startStop-1] org.apache.catalina.startup.HostConfig.deployDirectory 웹 애플리케이션 디렉토리 [D:\리엑트 프론트엔드_문일윤\apache-tomcat-8.5.83\webapps\manager]에 대한 배치가 [16] 밀리초에 완료되었습니다.
18-Nov-2022 15:39:56.706 정보 [localhost-startStop-1] org.apache.catalina.startup.HostConfig.deployDirectory 웹 애플리케이션 디렉토리 [D:\리엑트 프론트엔드_문일윤\apache-tomcat-8.5.83\webapps\ROOT]을(를) 배치합니다.
18-Nov-2022 15:39:56.706 정보 [localhost-startStop-1] org.apache.catalina.startup.HostConfig.deployDirectory 웹 애플리케이션 디렉토리 [D:\리엑트 프론트엔드_문일윤\apache-tomcat-8.5.83\webapps\ROOT]에 대한 배치가 [0] 밀리초에 완료되었습니다.
18-Nov-2022 15:39:56.721 정보 [main] org.apache.coyote.AbstractProtocol.start 프로토콜 핸들러 ["http-nio-8080"]을(를) 시작합니다.
18-Nov-2022 15:39:56.721 정보 [main] org.apache.catalina.startup.Catalina.start Server startup in 470 ms
